[CHAT-CLIENT] 2025/03/21 18:09:37 main.go:16: STARTUP: Starting Go Socket.IO Chat Client with debug logging...
[CHAT-CLIENT] 2025/03/21 18:09:37 main.go:30: STARTUP: Initiating connection to server...
[CHAT-CLIENT] 2025/03/21 18:09:37 main.go:37: STARTUP: Initial connection established
[CHAT-CLIENT] 2025/03/21 18:09:37 main.go:47: STARTUP: Starting heartbeat mechanism...
[CHAT-CLIENT] 2025/03/21 18:09:37 main.go:51: STARTUP: Starting command loop, ready for user input
[CHAT-CLIENT] 2025/03/21 18:09:56 main.go:65: INPUT: User entered: /ping
[CHAT-CLIENT] 2025/03/21 18:10:04 main.go:65: INPUT: User entered: /ping
[CHAT-CLIENT] 2025/03/21 18:10:09 main.go:65: INPUT: User entered: /test
[CHAT-CLIENT] 2025/03/21 18:10:24 main.go:65: INPUT: User entered: /ping
[CHAT-CLIENT] 2025/03/21 18:10:30 main.go:65: INPUT: User entered: /help
[CHAT-CLIENT] 2025/03/21 18:10:36 main.go:65: INPUT: User entered: /heartbeat
[CHAT-CLIENT] 2025/03/21 18:10:53 main.go:65: INPUT: User entered: /stats
[CHAT-CLIENT] 2025/03/21 18:11:04 main.go:65: INPUT: User entered: /help
[CHAT-CLIENT] 2025/03/21 18:11:11 main.go:65: INPUT: User entered: /errors
[CHAT-CLIENT] 2025/03/21 18:11:34 main.go:65: INPUT: User entered: /username tester101
[CHAT-CLIENT] 2025/03/21 18:12:01 main.go:65: INPUT: User entered: /global test
[CHAT-CLIENT] 2025/03/21 18:12:04 main.go:56: INPUT: Scanner closed
[CHAT-CLIENT] 2025/03/21 18:12:04 main.go:79: SHUTDOWN: Closing client connection...
[CHAT-CLIENT] 2025/03/21 18:12:04 main.go:83: SHUTDOWN: Disconnecting from server...
[CHAT-CLIENT] 2025/03/21 18:12:07 main.go:16: STARTUP: Starting Go Socket.IO Chat Client with debug logging...
[CHAT-CLIENT] 2025/03/21 18:12:07 main.go:30: STARTUP: Initiating connection to server...
[CHAT-CLIENT] 2025/03/21 18:12:07 main.go:37: STARTUP: Initial connection established
[CHAT-CLIENT] 2025/03/21 18:12:07 main.go:47: STARTUP: Starting heartbeat mechanism...
[CHAT-CLIENT] 2025/03/21 18:12:07 main.go:51: STARTUP: Starting command loop, ready for user input
[CHAT-CLIENT] 2025/03/21 18:12:12 main.go:65: INPUT: User entered: /global test
[CHAT-CLIENT] 2025/03/21 18:12:36 main.go:16: STARTUP: Starting Go Socket.IO Chat Client with debug logging...
[CHAT-CLIENT] 2025/03/21 18:12:36 main.go:30: STARTUP: Initiating connection to server...
[CHAT-CLIENT] 2025/03/21 18:12:36 main.go:37: STARTUP: Initial connection established
[CHAT-CLIENT] 2025/03/21 18:12:36 main.go:47: STARTUP: Starting heartbeat mechanism...
[CHAT-CLIENT] 2025/03/21 18:12:36 main.go:51: STARTUP: Starting command loop, ready for user input
[CHAT-CLIENT] 2025/03/21 18:12:58 main.go:65: INPUT: User entered: /global test
[CHAT-CLIENT] 2025/03/21 18:13:12 main.go:65: INPUT: User entered: /ping
[CHAT-CLIENT] 2025/03/21 18:13:32 main.go:56: INPUT: Scanner closed
[CHAT-CLIENT] 2025/03/21 18:14:04 main.go:16: STARTUP: Starting Go Socket.IO Chat Client with debug logging...
[CHAT-CLIENT] 2025/03/21 18:14:04 main.go:30: STARTUP: Initiating connection to server...
[CHAT-CLIENT] 2025/03/21 18:14:04 main.go:37: STARTUP: Initial connection established
[CHAT-CLIENT] 2025/03/21 18:14:04 main.go:47: STARTUP: Starting heartbeat mechanism...
[CHAT-CLIENT] 2025/03/21 18:14:04 main.go:51: STARTUP: Starting command loop, ready for user input
[CHAT-CLIENT] 2025/03/21 18:14:19 main.go:56: INPUT: Scanner closed
[CHAT-CLIENT] 2025/03/21 18:26:41 main.go:16: STARTUP: Starting Go Socket.IO Chat Client with debug logging...
[CHAT-CLIENT] 2025/03/21 18:26:41 main.go:30: STARTUP: Initiating connection to server...
[CHAT-CLIENT] 2025/03/21 18:26:45 main.go:33: CONNECTION ERROR: Failed on initial connection to server: error creating client: Get "http://127.0.0.1:8000/socket.io/socket.io/?t=1742556405000-0&transport=polling&username=GoClient": dial tcp 127.0.0.1:8000: connectex: No connection could be made because the target machine actively refused it.
[CHAT-CLIENT] 2025/03/21 18:26:45 main.go:47: STARTUP: Starting heartbeat mechanism...
[CHAT-CLIENT] 2025/03/21 18:26:45 main.go:51: STARTUP: Starting command loop, ready for user input
[CHAT-CLIENT] 2025/03/21 18:26:57 main.go:16: STARTUP: Starting Go Socket.IO Chat Client with debug logging...
[CHAT-CLIENT] 2025/03/21 18:26:57 main.go:30: STARTUP: Initiating connection to server...
[CHAT-CLIENT] 2025/03/21 18:27:01 main.go:33: CONNECTION ERROR: Failed on initial connection to server: error creating client: Get "http://127.0.0.1:8000/socket.io/socket.io/?t=1742556421000-0&transport=polling&username=GoClient": dial tcp 127.0.0.1:8000: connectex: No connection could be made because the target machine actively refused it.
[CHAT-CLIENT] 2025/03/21 18:27:01 main.go:47: STARTUP: Starting heartbeat mechanism...
[CHAT-CLIENT] 2025/03/21 18:27:01 main.go:51: STARTUP: Starting command loop, ready for user input
[CHAT-CLIENT] 2025/03/21 18:27:05 main.go:56: INPUT: Scanner closed
[CHAT-CLIENT] 2025/03/21 18:27:05 main.go:83: SHUTDOWN: Disconnecting from server...
[CHAT-CLIENT] 2025/03/21 18:27:08 main.go:56: INPUT: Scanner closed
[CHAT-CLIENT] 2025/03/21 18:32:47 main.go:16: STARTUP: Starting Go Socket.IO Chat Client with debug logging...
[CHAT-CLIENT] 2025/03/21 18:32:47 main.go:30: STARTUP: Initiating connection to server...
[CHAT-CLIENT] 2025/03/21 18:32:47 main.go:37: STARTUP: Initial connection established
[CHAT-CLIENT] 2025/03/21 18:32:47 main.go:47: STARTUP: Starting heartbeat mechanism...
[CHAT-CLIENT] 2025/03/21 18:32:47 main.go:51: STARTUP: Starting command loop, ready for user input
[CHAT-CLIENT] 2025/03/21 18:33:02 main.go:65: INPUT: User entered: /ping
[CHAT-CLIENT] 2025/03/21 18:33:06 main.go:65: INPUT: User entered: /test
[CHAT-CLIENT] 2025/03/21 18:33:15 main.go:65: INPUT: User entered: /heartbeat
[CHAT-CLIENT] 2025/03/21 18:33:19 main.go:65: INPUT: User entered: /help
[CHAT-CLIENT] 2025/03/21 18:33:24 main.go:16: STARTUP: Starting Go Socket.IO Chat Client with debug logging...
[CHAT-CLIENT] 2025/03/21 18:33:24 main.go:30: STARTUP: Initiating connection to server...
[CHAT-CLIENT] 2025/03/21 18:34:07 main.go:16: STARTUP: Starting Go Socket.IO Chat Client with debug logging...
[CHAT-CLIENT] 2025/03/21 18:34:07 main.go:30: STARTUP: Initiating connection to server...
[CHAT-CLIENT] 2025/03/21 18:34:15 main.go:56: INPUT: Scanner closed
[CHAT-CLIENT] 2025/03/21 18:34:23 main.go:16: STARTUP: Starting Go Socket.IO Chat Client with debug logging...
[CHAT-CLIENT] 2025/03/21 18:34:23 main.go:30: STARTUP: Initiating connection to server...
[CHAT-CLIENT] 2025/03/21 18:34:23 main.go:37: STARTUP: Initial connection established
[CHAT-CLIENT] 2025/03/21 18:34:23 main.go:47: STARTUP: Starting heartbeat mechanism...
[CHAT-CLIENT] 2025/03/21 18:34:23 main.go:51: STARTUP: Starting command loop, ready for user input
[CHAT-CLIENT] 2025/03/21 18:34:30 main.go:65: INPUT: User entered: /debug
[CHAT-CLIENT] 2025/03/21 18:34:36 main.go:65: INPUT: User entered: /help
[CHAT-CLIENT] 2025/03/21 18:34:39 main.go:16: STARTUP: Starting Go Socket.IO Chat Client with debug logging...
[CHAT-CLIENT] 2025/03/21 18:34:39 main.go:30: STARTUP: Initiating connection to server...
[CHAT-CLIENT] 2025/03/21 18:34:39 main.go:37: STARTUP: Initial connection established
[CHAT-CLIENT] 2025/03/21 18:34:39 main.go:47: STARTUP: Starting heartbeat mechanism...
[CHAT-CLIENT] 2025/03/21 18:34:39 main.go:51: STARTUP: Starting command loop, ready for user input
